<?xml version="1.0" encoding="UTF-8"?>
<testng-results skipped="0" failed="1" ignored="0" total="63" passed="62">
  <reporter-output>
  </reporter-output>
  <suite name="Suite" duration-ms="228853" started-at="2019-06-03T09:18:19Z" finished-at="2019-06-03T09:22:07Z">
    <groups>
      <group name="Billing Reports Builders">
        <method signature="TestPaymentforInsurance.check1MonthFavPDFReport()[pri:36, instance:com.reports.testcases.TestPaymentforInsurance@2a2d45ba]" name="check1MonthFavPDFReport" class="com.reports.testcases.TestPaymentforInsurance"/>
        <method signature="TestPaymentforInsurance.check2MonthFavPDFReport()[pri:37, instance:com.reports.testcases.TestPaymentforInsurance@2a2d45ba]" name="check2MonthFavPDFReport" class="com.reports.testcases.TestPaymentforInsurance"/>
        <method signature="TestPaymentforInsurance.check3MonthFavPDFReport()[pri:38, instance:com.reports.testcases.TestPaymentforInsurance@2a2d45ba]" name="check3MonthFavPDFReport" class="com.reports.testcases.TestPaymentforInsurance"/>
        <method signature="TestPaymentforInsurance.checkAutoCustomDateOption()[pri:27, instance:com.reports.testcases.TestPaymentforInsurance@2a2d45ba]" name="checkAutoCustomDateOption" class="com.reports.testcases.TestPaymentforInsurance"/>
        <method signature="TestPaymentforInsurance.checkFavouriteReportsForDefaultDate_option1()[pri:31, instance:com.reports.testcases.TestPaymentforInsurance@2a2d45ba]" name="checkFavouriteReportsForDefaultDate_option1" class="com.reports.testcases.TestPaymentforInsurance"/>
        <method signature="TestPaymentforInsurance.checkFavouriteReportsForDefaultDate_option2()[pri:32, instance:com.reports.testcases.TestPaymentforInsurance@2a2d45ba]" name="checkFavouriteReportsForDefaultDate_option2" class="com.reports.testcases.TestPaymentforInsurance"/>
        <method signature="TestPaymentforInsurance.checkFavouriteReportsForDefaultDate_option3()[pri:33, instance:com.reports.testcases.TestPaymentforInsurance@2a2d45ba]" name="checkFavouriteReportsForDefaultDate_option3" class="com.reports.testcases.TestPaymentforInsurance"/>
        <method signature="TestPaymentforInsurance.checkFavouriteReportsForDefaultDate_optionSelect()[pri:34, instance:com.reports.testcases.TestPaymentforInsurance@2a2d45ba]" name="checkFavouriteReportsForDefaultDate_optionSelect" class="com.reports.testcases.TestPaymentforInsurance"/>
        <method signature="TestPaymentforInsurance.checkForCorporateOffice(java.lang.String, java.lang.String)[pri:39, instance:com.reports.testcases.TestPaymentforInsurance@2a2d45ba]" name="checkForCorporateOffice" class="com.reports.testcases.TestPaymentforInsurance"/>
        <method signature="TestPaymentforInsurance.checkForCorporateOffice_fav1()[pri:40, instance:com.reports.testcases.TestPaymentforInsurance@2a2d45ba]" name="checkForCorporateOffice_fav1" class="com.reports.testcases.TestPaymentforInsurance"/>
        <method signature="TestPaymentforInsurance.checkForPreviousFinancialYear()[pri:17, instance:com.reports.testcases.TestPaymentforInsurance@2a2d45ba]" name="checkForPreviousFinancialYear" class="com.reports.testcases.TestPaymentforInsurance"/>
        <method signature="TestPaymentforInsurance.checkForThisFinancialYear()[pri:16, instance:com.reports.testcases.TestPaymentforInsurance@2a2d45ba]" name="checkForThisFinancialYear" class="com.reports.testcases.TestPaymentforInsurance"/>
        <method signature="TestPaymentforInsurance.chekForCorporateOffice_fav2()[pri:41, instance:com.reports.testcases.TestPaymentforInsurance@2a2d45ba]" name="chekForCorporateOffice_fav2" class="com.reports.testcases.TestPaymentforInsurance"/>
        <method signature="TestPaymentforInsurance.chekForCorporateOffice_fav3()[pri:42, instance:com.reports.testcases.TestPaymentforInsurance@2a2d45ba]" name="chekForCorporateOffice_fav3" class="com.reports.testcases.TestPaymentforInsurance"/>
        <method signature="TestPaymentforInsurance.createFavouritesForAllowedReportDurationoption(java.lang.String, java.lang.String)[pri:30, instance:com.reports.testcases.TestPaymentforInsurance@2a2d45ba]" name="createFavouritesForAllowedReportDurationoption" class="com.reports.testcases.TestPaymentforInsurance"/>
        <method signature="TestPaymentforInsurance.pdfTest(java.lang.String, java.lang.String)[pri:29, instance:com.reports.testcases.TestPaymentforInsurance@2a2d45ba]" name="pdfTest" class="com.reports.testcases.TestPaymentforInsurance"/>
        <method signature="TestPaymentforInsurance.switchToTheUser()[pri:35, instance:com.reports.testcases.TestPaymentforInsurance@2a2d45ba]" name="switchToTheUser" class="com.reports.testcases.TestPaymentforInsurance"/>
        <method signature="TestPaymentforInsurance.test3MonthCsv()[pri:2, instance:com.reports.testcases.TestPaymentforInsurance@2a2d45ba]" name="test3MonthCsv" class="com.reports.testcases.TestPaymentforInsurance"/>
        <method signature="TestPaymentforInsurance.test3MonthPdf()[pri:1, instance:com.reports.testcases.TestPaymentforInsurance@2a2d45ba]" name="test3MonthPdf" class="com.reports.testcases.TestPaymentforInsurance"/>
        <method signature="TestPaymentforInsurance.test3MonthText()[pri:3, instance:com.reports.testcases.TestPaymentforInsurance@2a2d45ba]" name="test3MonthText" class="com.reports.testcases.TestPaymentforInsurance"/>
        <method signature="TestPaymentforInsurance.testDateFieldsBlank_csv()[pri:5, instance:com.reports.testcases.TestPaymentforInsurance@2a2d45ba]" name="testDateFieldsBlank_csv" class="com.reports.testcases.TestPaymentforInsurance"/>
        <method signature="TestPaymentforInsurance.testDateFieldsBlank_favSaveButton()[pri:13, instance:com.reports.testcases.TestPaymentforInsurance@2a2d45ba]" name="testDateFieldsBlank_favSaveButton" class="com.reports.testcases.TestPaymentforInsurance"/>
        <method signature="TestPaymentforInsurance.testDateFieldsBlank_pdf()[pri:4, instance:com.reports.testcases.TestPaymentforInsurance@2a2d45ba]" name="testDateFieldsBlank_pdf" class="com.reports.testcases.TestPaymentforInsurance"/>
        <method signature="TestPaymentforInsurance.testDateFieldsBlank_text()[pri:6, instance:com.reports.testcases.TestPaymentforInsurance@2a2d45ba]" name="testDateFieldsBlank_text" class="com.reports.testcases.TestPaymentforInsurance"/>
        <method signature="TestPaymentforInsurance.testFromDateFieldBlank_cvs()[pri:9, instance:com.reports.testcases.TestPaymentforInsurance@2a2d45ba]" name="testFromDateFieldBlank_cvs" class="com.reports.testcases.TestPaymentforInsurance"/>
        <method signature="TestPaymentforInsurance.testFromDateFieldBlank_favSaveButton()[pri:14, instance:com.reports.testcases.TestPaymentforInsurance@2a2d45ba]" name="testFromDateFieldBlank_favSaveButton" class="com.reports.testcases.TestPaymentforInsurance"/>
        <method signature="TestPaymentforInsurance.testFromDateFieldBlank_pdf()[pri:7, instance:com.reports.testcases.TestPaymentforInsurance@2a2d45ba]" name="testFromDateFieldBlank_pdf" class="com.reports.testcases.TestPaymentforInsurance"/>
        <method signature="TestPaymentforInsurance.testFromDateFieldBlank_text()[pri:11, instance:com.reports.testcases.TestPaymentforInsurance@2a2d45ba]" name="testFromDateFieldBlank_text" class="com.reports.testcases.TestPaymentforInsurance"/>
        <method signature="TestPaymentforInsurance.testToDateFieldBlank_cvs()[pri:10, instance:com.reports.testcases.TestPaymentforInsurance@2a2d45ba]" name="testToDateFieldBlank_cvs" class="com.reports.testcases.TestPaymentforInsurance"/>
        <method signature="TestPaymentforInsurance.testToDateFieldBlank_favSaveButton()[pri:15, instance:com.reports.testcases.TestPaymentforInsurance@2a2d45ba]" name="testToDateFieldBlank_favSaveButton" class="com.reports.testcases.TestPaymentforInsurance"/>
        <method signature="TestPaymentforInsurance.testToDateFieldBlank_pdf()[pri:8, instance:com.reports.testcases.TestPaymentforInsurance@2a2d45ba]" name="testToDateFieldBlank_pdf" class="com.reports.testcases.TestPaymentforInsurance"/>
        <method signature="TestPaymentforInsurance.testToDateFieldBlank_text()[pri:12, instance:com.reports.testcases.TestPaymentforInsurance@2a2d45ba]" name="testToDateFieldBlank_text" class="com.reports.testcases.TestPaymentforInsurance"/>
        <method signature="TestPaymentforInsurance.verifyAllowedReportDurationDropdown(java.lang.String, java.lang.String)[pri:28, instance:com.reports.testcases.TestPaymentforInsurance@2a2d45ba]" name="verifyAllowedReportDurationDropdown" class="com.reports.testcases.TestPaymentforInsurance"/>
        <method signature="TestPaymentforInsurance.verifyDateFieldsForFromPastToFuture_csv()[pri:23, instance:com.reports.testcases.TestPaymentforInsurance@2a2d45ba]" name="verifyDateFieldsForFromPastToFuture_csv" class="com.reports.testcases.TestPaymentforInsurance"/>
        <method signature="TestPaymentforInsurance.verifyDateFieldsForFromPastToFuture_pdf()[pri:22, instance:com.reports.testcases.TestPaymentforInsurance@2a2d45ba]" name="verifyDateFieldsForFromPastToFuture_pdf" class="com.reports.testcases.TestPaymentforInsurance"/>
        <method signature="TestPaymentforInsurance.verifyDateFieldsForFromPastToFuture_text()[pri:24, instance:com.reports.testcases.TestPaymentforInsurance@2a2d45ba]" name="verifyDateFieldsForFromPastToFuture_text" class="com.reports.testcases.TestPaymentforInsurance"/>
        <method signature="TestPaymentforInsurance.verifyDateFieldsForFromPastToFuture_toSaveFav()[pri:25, instance:com.reports.testcases.TestPaymentforInsurance@2a2d45ba]" name="verifyDateFieldsForFromPastToFuture_toSaveFav" class="com.reports.testcases.TestPaymentforInsurance"/>
        <method signature="TestPaymentforInsurance.verifyDateFieldsForPreviousMonthOptions()[pri:20, instance:com.reports.testcases.TestPaymentforInsurance@2a2d45ba]" name="verifyDateFieldsForPreviousMonthOptions" class="com.reports.testcases.TestPaymentforInsurance"/>
        <method signature="TestPaymentforInsurance.verifyDateFieldsForThisMonthOptions()[pri:21, instance:com.reports.testcases.TestPaymentforInsurance@2a2d45ba]" name="verifyDateFieldsForThisMonthOptions" class="com.reports.testcases.TestPaymentforInsurance"/>
        <method signature="TestPaymentforInsurance.verifyDateFieldsForTodayOptions()[pri:19, instance:com.reports.testcases.TestPaymentforInsurance@2a2d45ba]" name="verifyDateFieldsForTodayOptions" class="com.reports.testcases.TestPaymentforInsurance"/>
        <method signature="TestPaymentforInsurance.verifyDateFieldsForYesterdayOptions()[pri:18, instance:com.reports.testcases.TestPaymentforInsurance@2a2d45ba]" name="verifyDateFieldsForYesterdayOptions" class="com.reports.testcases.TestPaymentforInsurance"/>
        <method signature="TestPaymentforInsurance.vreifyForYesterdaysDateOnReFreshing()[pri:26, instance:com.reports.testcases.TestPaymentforInsurance@2a2d45ba]" name="vreifyForYesterdaysDateOnReFreshing" class="com.reports.testcases.TestPaymentforInsurance"/>
      </group> <!-- Billing Reports Builders -->
    </groups>
    <test name="Doctor Consultation Report Builder" duration-ms="228853" started-at="2019-06-03T09:18:19Z" finished-at="2019-06-03T09:22:07Z">
      <class name="com.reports.testcases.TestPaymentforInsurance">
        <test-method status="PASS" signature="setUp(java.lang.String)[pri:0, instance:com.reports.testcases.TestPaymentforInsurance@2a2d45ba]" name="setUp" is-config="true" duration-ms="14227" started-at="2019-06-03T09:18:19Z" finished-at="2019-06-03T09:18:33Z">
          <params>
            <param index="0">
              <value>
                <![CDATA[Doctor Consultation Report Builder]]>
              </value>
            </param>
          </params>
          <reporter-output>
          </reporter-output>
        </test-method> <!-- setUp -->
        <test-method status="PASS" signature="test3MonthPdf()[pri:1, instance:com.reports.testcases.TestPaymentforInsurance@2a2d45ba]" name="test3MonthPdf" duration-ms="278" started-at="2019-06-03T09:18:33Z" finished-at="2019-06-03T09:18:33Z">
          <reporter-output>
          </reporter-output>
        </test-method> <!-- test3MonthPdf -->
        <test-method status="PASS" signature="test3MonthCsv()[pri:2, instance:com.reports.testcases.TestPaymentforInsurance@2a2d45ba]" name="test3MonthCsv" duration-ms="235" started-at="2019-06-03T09:18:33Z" finished-at="2019-06-03T09:18:33Z">
          <reporter-output>
          </reporter-output>
        </test-method> <!-- test3MonthCsv -->
        <test-method status="PASS" signature="test3MonthText()[pri:3, instance:com.reports.testcases.TestPaymentforInsurance@2a2d45ba]" name="test3MonthText" duration-ms="198" started-at="2019-06-03T09:18:33Z" finished-at="2019-06-03T09:18:34Z">
          <reporter-output>
          </reporter-output>
        </test-method> <!-- test3MonthText -->
        <test-method status="PASS" signature="testDateFieldsBlank_pdf()[pri:4, instance:com.reports.testcases.TestPaymentforInsurance@2a2d45ba]" name="testDateFieldsBlank_pdf" duration-ms="164" started-at="2019-06-03T09:18:34Z" finished-at="2019-06-03T09:18:34Z">
          <reporter-output>
          </reporter-output>
        </test-method> <!-- testDateFieldsBlank_pdf -->
        <test-method status="PASS" signature="testDateFieldsBlank_csv()[pri:5, instance:com.reports.testcases.TestPaymentforInsurance@2a2d45ba]" name="testDateFieldsBlank_csv" duration-ms="160" started-at="2019-06-03T09:18:34Z" finished-at="2019-06-03T09:18:34Z">
          <reporter-output>
          </reporter-output>
        </test-method> <!-- testDateFieldsBlank_csv -->
        <test-method status="PASS" signature="testDateFieldsBlank_text()[pri:6, instance:com.reports.testcases.TestPaymentforInsurance@2a2d45ba]" name="testDateFieldsBlank_text" duration-ms="280" started-at="2019-06-03T09:18:34Z" finished-at="2019-06-03T09:18:34Z">
          <reporter-output>
          </reporter-output>
        </test-method> <!-- testDateFieldsBlank_text -->
        <test-method status="PASS" signature="testFromDateFieldBlank_pdf()[pri:7, instance:com.reports.testcases.TestPaymentforInsurance@2a2d45ba]" name="testFromDateFieldBlank_pdf" duration-ms="204" started-at="2019-06-03T09:18:34Z" finished-at="2019-06-03T09:18:34Z">
          <reporter-output>
          </reporter-output>
        </test-method> <!-- testFromDateFieldBlank_pdf -->
        <test-method status="PASS" signature="testToDateFieldBlank_pdf()[pri:8, instance:com.reports.testcases.TestPaymentforInsurance@2a2d45ba]" name="testToDateFieldBlank_pdf" duration-ms="161" started-at="2019-06-03T09:18:34Z" finished-at="2019-06-03T09:18:35Z">
          <reporter-output>
          </reporter-output>
        </test-method> <!-- testToDateFieldBlank_pdf -->
        <test-method status="PASS" signature="testFromDateFieldBlank_cvs()[pri:9, instance:com.reports.testcases.TestPaymentforInsurance@2a2d45ba]" name="testFromDateFieldBlank_cvs" duration-ms="164" started-at="2019-06-03T09:18:35Z" finished-at="2019-06-03T09:18:35Z">
          <reporter-output>
          </reporter-output>
        </test-method> <!-- testFromDateFieldBlank_cvs -->
        <test-method status="PASS" signature="testToDateFieldBlank_cvs()[pri:10, instance:com.reports.testcases.TestPaymentforInsurance@2a2d45ba]" name="testToDateFieldBlank_cvs" duration-ms="161" started-at="2019-06-03T09:18:35Z" finished-at="2019-06-03T09:18:35Z">
          <reporter-output>
          </reporter-output>
        </test-method> <!-- testToDateFieldBlank_cvs -->
        <test-method status="PASS" signature="testFromDateFieldBlank_text()[pri:11, instance:com.reports.testcases.TestPaymentforInsurance@2a2d45ba]" name="testFromDateFieldBlank_text" duration-ms="199" started-at="2019-06-03T09:18:35Z" finished-at="2019-06-03T09:18:35Z">
          <reporter-output>
          </reporter-output>
        </test-method> <!-- testFromDateFieldBlank_text -->
        <test-method status="PASS" signature="testToDateFieldBlank_text()[pri:12, instance:com.reports.testcases.TestPaymentforInsurance@2a2d45ba]" name="testToDateFieldBlank_text" duration-ms="214" started-at="2019-06-03T09:18:35Z" finished-at="2019-06-03T09:18:35Z">
          <reporter-output>
          </reporter-output>
        </test-method> <!-- testToDateFieldBlank_text -->
        <test-method status="PASS" signature="testDateFieldsBlank_favSaveButton()[pri:13, instance:com.reports.testcases.TestPaymentforInsurance@2a2d45ba]" name="testDateFieldsBlank_favSaveButton" duration-ms="213" started-at="2019-06-03T09:18:35Z" finished-at="2019-06-03T09:18:35Z">
          <reporter-output>
          </reporter-output>
        </test-method> <!-- testDateFieldsBlank_favSaveButton -->
        <test-method status="PASS" signature="testFromDateFieldBlank_favSaveButton()[pri:14, instance:com.reports.testcases.TestPaymentforInsurance@2a2d45ba]" name="testFromDateFieldBlank_favSaveButton" duration-ms="228" started-at="2019-06-03T09:18:36Z" finished-at="2019-06-03T09:18:36Z">
          <reporter-output>
          </reporter-output>
        </test-method> <!-- testFromDateFieldBlank_favSaveButton -->
        <test-method status="PASS" signature="testToDateFieldBlank_favSaveButton()[pri:15, instance:com.reports.testcases.TestPaymentforInsurance@2a2d45ba]" name="testToDateFieldBlank_favSaveButton" duration-ms="249" started-at="2019-06-03T09:18:36Z" finished-at="2019-06-03T09:18:36Z">
          <reporter-output>
          </reporter-output>
        </test-method> <!-- testToDateFieldBlank_favSaveButton -->
        <test-method status="PASS" signature="checkForThisFinancialYear()[pri:16, instance:com.reports.testcases.TestPaymentforInsurance@2a2d45ba]" name="checkForThisFinancialYear" duration-ms="161" started-at="2019-06-03T09:18:36Z" finished-at="2019-06-03T09:18:36Z">
          <reporter-output>
          </reporter-output>
        </test-method> <!-- checkForThisFinancialYear -->
        <test-method status="PASS" signature="checkForPreviousFinancialYear()[pri:17, instance:com.reports.testcases.TestPaymentforInsurance@2a2d45ba]" name="checkForPreviousFinancialYear" duration-ms="139" started-at="2019-06-03T09:18:36Z" finished-at="2019-06-03T09:18:36Z">
          <reporter-output>
          </reporter-output>
        </test-method> <!-- checkForPreviousFinancialYear -->
        <test-method status="PASS" signature="verifyDateFieldsForYesterdayOptions()[pri:18, instance:com.reports.testcases.TestPaymentforInsurance@2a2d45ba]" name="verifyDateFieldsForYesterdayOptions" duration-ms="635" started-at="2019-06-03T09:18:36Z" finished-at="2019-06-03T09:18:37Z">
          <reporter-output>
          </reporter-output>
        </test-method> <!-- verifyDateFieldsForYesterdayOptions -->
        <test-method status="PASS" signature="verifyDateFieldsForTodayOptions()[pri:19, instance:com.reports.testcases.TestPaymentforInsurance@2a2d45ba]" name="verifyDateFieldsForTodayOptions" duration-ms="343" started-at="2019-06-03T09:18:37Z" finished-at="2019-06-03T09:18:37Z">
          <reporter-output>
          </reporter-output>
        </test-method> <!-- verifyDateFieldsForTodayOptions -->
        <test-method status="FAIL" signature="verifyDateFieldsForPreviousMonthOptions()[pri:20, instance:com.reports.testcases.TestPaymentforInsurance@2a2d45ba]" name="verifyDateFieldsForPreviousMonthOptions" duration-ms="322" started-at="2019-06-03T09:18:37Z" finished-at="2019-06-03T09:18:38Z">
          <exception class="java.lang.AssertionError">
            <message>
              <![CDATA[expected [true] but found [false]]]>
            </message>
            <full-stacktrace>
              <![CDATA[java.lang.AssertionError: expected [true] but found [false]
at org.testng.Assert.fail(Assert.java:96)
at org.testng.Assert.failNotEquals(Assert.java:776)
at org.testng.Assert.assertEqualsImpl(Assert.java:137)
at org.testng.Assert.assertEquals(Assert.java:118)
at org.testng.Assert.assertEquals(Assert.java:568)
at org.testng.Assert.assertEquals(Assert.java:578)
at com.reports.testcases.TestPaymentforInsurance.verifyDateFieldsForPreviousMonthOptions(TestPaymentforInsurance.java:204)
at sun.reflect.NativeMethodAccessorImpl.invoke0(Native Method)
at sun.reflect.NativeMethodAccessorImpl.invoke(NativeMethodAccessorImpl.java:62)
at sun.reflect.DelegatingMethodAccessorImpl.invoke(DelegatingMethodAccessorImpl.java:43)
at java.lang.reflect.Method.invoke(Method.java:498)
at org.testng.internal.MethodInvocationHelper.invokeMethod(MethodInvocationHelper.java:124)
at org.testng.internal.Invoker.invokeMethod(Invoker.java:583)
at org.testng.internal.Invoker.invokeTestMethod(Invoker.java:719)
at org.testng.internal.Invoker.invokeTestMethods(Invoker.java:989)
at org.testng.internal.TestMethodWorker.invokeTestMethods(TestMethodWorker.java:125)
at org.testng.internal.TestMethodWorker.run(TestMethodWorker.java:109)
at org.testng.TestRunner.privateRun(TestRunner.java:648)
at org.testng.TestRunner.run(TestRunner.java:505)
at org.testng.SuiteRunner.runTest(SuiteRunner.java:455)
at org.testng.SuiteRunner.runSequentially(SuiteRunner.java:450)
at org.testng.SuiteRunner.privateRun(SuiteRunner.java:415)
at org.testng.SuiteRunner.run(SuiteRunner.java:364)
at org.testng.SuiteRunnerWorker.runSuite(SuiteRunnerWorker.java:52)
at org.testng.SuiteRunnerWorker.run(SuiteRunnerWorker.java:84)
at org.testng.TestNG.runSuitesSequentially(TestNG.java:1208)
at org.testng.TestNG.runSuitesLocally(TestNG.java:1137)
at org.testng.TestNG.runSuites(TestNG.java:1049)
at org.testng.TestNG.run(TestNG.java:1017)
at org.testng.remote.AbstractRemoteTestNG.run(AbstractRemoteTestNG.java:115)
at org.testng.remote.RemoteTestNG.initAndRun(RemoteTestNG.java:251)
at org.testng.remote.RemoteTestNG.main(RemoteTestNG.java:77)
]]>
            </full-stacktrace>
          </exception> <!-- java.lang.AssertionError -->
          <reporter-output>
          </reporter-output>
        </test-method> <!-- verifyDateFieldsForPreviousMonthOptions -->
        <test-method status="PASS" signature="verifyDateFieldsForThisMonthOptions()[pri:21, instance:com.reports.testcases.TestPaymentforInsurance@2a2d45ba]" name="verifyDateFieldsForThisMonthOptions" duration-ms="323" started-at="2019-06-03T09:18:38Z" finished-at="2019-06-03T09:18:38Z">
          <reporter-output>
          </reporter-output>
        </test-method> <!-- verifyDateFieldsForThisMonthOptions -->
        <test-method status="PASS" signature="verifyDateFieldsForFromPastToFuture_pdf()[pri:22, instance:com.reports.testcases.TestPaymentforInsurance@2a2d45ba]" name="verifyDateFieldsForFromPastToFuture_pdf" duration-ms="170" started-at="2019-06-03T09:18:38Z" finished-at="2019-06-03T09:18:38Z">
          <reporter-output>
          </reporter-output>
        </test-method> <!-- verifyDateFieldsForFromPastToFuture_pdf -->
        <test-method status="PASS" signature="verifyDateFieldsForFromPastToFuture_csv()[pri:23, instance:com.reports.testcases.TestPaymentforInsurance@2a2d45ba]" name="verifyDateFieldsForFromPastToFuture_csv" duration-ms="182" started-at="2019-06-03T09:18:38Z" finished-at="2019-06-03T09:18:38Z">
          <reporter-output>
          </reporter-output>
        </test-method> <!-- verifyDateFieldsForFromPastToFuture_csv -->
        <test-method status="PASS" signature="verifyDateFieldsForFromPastToFuture_text()[pri:24, instance:com.reports.testcases.TestPaymentforInsurance@2a2d45ba]" name="verifyDateFieldsForFromPastToFuture_text" duration-ms="184" started-at="2019-06-03T09:18:38Z" finished-at="2019-06-03T09:18:38Z">
          <reporter-output>
          </reporter-output>
        </test-method> <!-- verifyDateFieldsForFromPastToFuture_text -->
        <test-method status="PASS" signature="verifyDateFieldsForFromPastToFuture_toSaveFav()[pri:25, instance:com.reports.testcases.TestPaymentforInsurance@2a2d45ba]" name="verifyDateFieldsForFromPastToFuture_toSaveFav" duration-ms="230" started-at="2019-06-03T09:18:38Z" finished-at="2019-06-03T09:18:39Z">
          <reporter-output>
          </reporter-output>
        </test-method> <!-- verifyDateFieldsForFromPastToFuture_toSaveFav -->
        <test-method status="PASS" signature="vreifyForYesterdaysDateOnReFreshing()[pri:26, instance:com.reports.testcases.TestPaymentforInsurance@2a2d45ba]" name="vreifyForYesterdaysDateOnReFreshing" duration-ms="14322" started-at="2019-06-03T09:18:39Z" finished-at="2019-06-03T09:18:53Z">
          <reporter-output>
          </reporter-output>
        </test-method> <!-- vreifyForYesterdaysDateOnReFreshing -->
        <test-method status="PASS" signature="checkAutoCustomDateOption()[pri:27, instance:com.reports.testcases.TestPaymentforInsurance@2a2d45ba]" name="checkAutoCustomDateOption" duration-ms="712" started-at="2019-06-03T09:18:53Z" finished-at="2019-06-03T09:18:54Z">
          <reporter-output>
          </reporter-output>
        </test-method> <!-- checkAutoCustomDateOption -->
        <test-method status="PASS" signature="verifyAllowedReportDurationDropdown(java.lang.String, java.lang.String)[pri:28, instance:com.reports.testcases.TestPaymentforInsurance@2a2d45ba]" name="verifyAllowedReportDurationDropdown" duration-ms="521" started-at="2019-06-03T09:18:54Z" data-provider="allowedReportDurationoption" finished-at="2019-06-03T09:18:54Z">
          <params>
            <param index="0">
              <value>
                <![CDATA[1]]>
              </value>
            </param>
            <param index="1">
              <value>
                <![CDATA[Please Select 1 Month Duration and save the report.]]>
              </value>
            </param>
          </params>
          <reporter-output>
          </reporter-output>
        </test-method> <!-- verifyAllowedReportDurationDropdown -->
        <test-method status="PASS" signature="verifyAllowedReportDurationDropdown(java.lang.String, java.lang.String)[pri:28, instance:com.reports.testcases.TestPaymentforInsurance@2a2d45ba]" name="verifyAllowedReportDurationDropdown" duration-ms="550" started-at="2019-06-03T09:18:54Z" data-provider="allowedReportDurationoption" finished-at="2019-06-03T09:18:55Z">
          <params>
            <param index="0">
              <value>
                <![CDATA[2]]>
              </value>
            </param>
            <param index="1">
              <value>
                <![CDATA[Please Select 2 Months Duration and save the report.]]>
              </value>
            </param>
          </params>
          <reporter-output>
          </reporter-output>
        </test-method> <!-- verifyAllowedReportDurationDropdown -->
        <test-method status="PASS" signature="verifyAllowedReportDurationDropdown(java.lang.String, java.lang.String)[pri:28, instance:com.reports.testcases.TestPaymentforInsurance@2a2d45ba]" name="verifyAllowedReportDurationDropdown" duration-ms="546" started-at="2019-06-03T09:18:55Z" data-provider="allowedReportDurationoption" finished-at="2019-06-03T09:18:55Z">
          <params>
            <param index="0">
              <value>
                <![CDATA[3]]>
              </value>
            </param>
            <param index="1">
              <value>
                <![CDATA[Please Select 3 Months Duration and save the report.]]>
              </value>
            </param>
          </params>
          <reporter-output>
          </reporter-output>
        </test-method> <!-- verifyAllowedReportDurationDropdown -->
        <test-method status="PASS" signature="verifyAllowedReportDurationDropdown(java.lang.String, java.lang.String)[pri:28, instance:com.reports.testcases.TestPaymentforInsurance@2a2d45ba]" name="verifyAllowedReportDurationDropdown" duration-ms="666" started-at="2019-06-03T09:18:55Z" data-provider="allowedReportDurationoption" finished-at="2019-06-03T09:18:56Z">
          <params>
            <param index="0">
              <value>
                <![CDATA[-- Select --]]>
              </value>
            </param>
            <param index="1">
              <value>
                <![CDATA[Please Select 3 Months Duration and save the report.]]>
              </value>
            </param>
          </params>
          <reporter-output>
          </reporter-output>
        </test-method> <!-- verifyAllowedReportDurationDropdown -->
        <test-method status="PASS" signature="pdfTest(java.lang.String, java.lang.String)[pri:29, instance:com.reports.testcases.TestPaymentforInsurance@2a2d45ba]" name="pdfTest" duration-ms="11490" started-at="2019-06-03T09:18:56Z" data-provider="dateRangeDropDownOptions" finished-at="2019-06-03T09:19:08Z">
          <params>
            <param index="0">
              <value>
                <![CDATA[Yesterday]]>
              </value>
            </param>
            <param index="1">
              <value>
                <![CDATA[pdf]]>
              </value>
            </param>
          </params>
          <reporter-output>
          </reporter-output>
        </test-method> <!-- pdfTest -->
        <test-method status="PASS" signature="pdfTest(java.lang.String, java.lang.String)[pri:29, instance:com.reports.testcases.TestPaymentforInsurance@2a2d45ba]" name="pdfTest" duration-ms="3405" started-at="2019-06-03T09:19:08Z" data-provider="dateRangeDropDownOptions" finished-at="2019-06-03T09:19:11Z">
          <params>
            <param index="0">
              <value>
                <![CDATA[Custom Date]]>
              </value>
            </param>
            <param index="1">
              <value>
                <![CDATA[pdf]]>
              </value>
            </param>
          </params>
          <reporter-output>
          </reporter-output>
        </test-method> <!-- pdfTest -->
        <test-method status="PASS" signature="pdfTest(java.lang.String, java.lang.String)[pri:29, instance:com.reports.testcases.TestPaymentforInsurance@2a2d45ba]" name="pdfTest" duration-ms="3180" started-at="2019-06-03T09:19:11Z" data-provider="dateRangeDropDownOptions" finished-at="2019-06-03T09:19:14Z">
          <params>
            <param index="0">
              <value>
                <![CDATA[Today]]>
              </value>
            </param>
            <param index="1">
              <value>
                <![CDATA[pdf]]>
              </value>
            </param>
          </params>
          <reporter-output>
          </reporter-output>
        </test-method> <!-- pdfTest -->
        <test-method status="PASS" signature="pdfTest(java.lang.String, java.lang.String)[pri:29, instance:com.reports.testcases.TestPaymentforInsurance@2a2d45ba]" name="pdfTest" duration-ms="3143" started-at="2019-06-03T09:19:14Z" data-provider="dateRangeDropDownOptions" finished-at="2019-06-03T09:19:17Z">
          <params>
            <param index="0">
              <value>
                <![CDATA[This Month]]>
              </value>
            </param>
            <param index="1">
              <value>
                <![CDATA[pdf]]>
              </value>
            </param>
          </params>
          <reporter-output>
          </reporter-output>
        </test-method> <!-- pdfTest -->
        <test-method status="PASS" signature="pdfTest(java.lang.String, java.lang.String)[pri:29, instance:com.reports.testcases.TestPaymentforInsurance@2a2d45ba]" name="pdfTest" duration-ms="9730" started-at="2019-06-03T09:19:17Z" data-provider="dateRangeDropDownOptions" finished-at="2019-06-03T09:19:27Z">
          <params>
            <param index="0">
              <value>
                <![CDATA[Previous Month]]>
              </value>
            </param>
            <param index="1">
              <value>
                <![CDATA[pdf]]>
              </value>
            </param>
          </params>
          <reporter-output>
          </reporter-output>
        </test-method> <!-- pdfTest -->
        <test-method status="PASS" signature="pdfTest(java.lang.String, java.lang.String)[pri:29, instance:com.reports.testcases.TestPaymentforInsurance@2a2d45ba]" name="pdfTest" duration-ms="3585" started-at="2019-06-03T09:19:27Z" data-provider="dateRangeDropDownOptions" finished-at="2019-06-03T09:19:31Z">
          <params>
            <param index="0">
              <value>
                <![CDATA[Today]]>
              </value>
            </param>
            <param index="1">
              <value>
                <![CDATA[csv]]>
              </value>
            </param>
          </params>
          <reporter-output>
          </reporter-output>
        </test-method> <!-- pdfTest -->
        <test-method status="PASS" signature="pdfTest(java.lang.String, java.lang.String)[pri:29, instance:com.reports.testcases.TestPaymentforInsurance@2a2d45ba]" name="pdfTest" duration-ms="6082" started-at="2019-06-03T09:19:31Z" data-provider="dateRangeDropDownOptions" finished-at="2019-06-03T09:19:37Z">
          <params>
            <param index="0">
              <value>
                <![CDATA[Previous Month]]>
              </value>
            </param>
            <param index="1">
              <value>
                <![CDATA[text]]>
              </value>
            </param>
          </params>
          <reporter-output>
          </reporter-output>
        </test-method> <!-- pdfTest -->
        <test-method status="PASS" signature="pdfTest(java.lang.String, java.lang.String)[pri:29, instance:com.reports.testcases.TestPaymentforInsurance@2a2d45ba]" name="pdfTest" duration-ms="3255" started-at="2019-06-03T09:19:37Z" data-provider="dateRangeDropDownOptions" finished-at="2019-06-03T09:19:40Z">
          <params>
            <param index="0">
              <value>
                <![CDATA[This Month]]>
              </value>
            </param>
            <param index="1">
              <value>
                <![CDATA[csv]]>
              </value>
            </param>
          </params>
          <reporter-output>
          </reporter-output>
        </test-method> <!-- pdfTest -->
        <test-method status="PASS" signature="createFavouritesForAllowedReportDurationoption(java.lang.String, java.lang.String)[pri:30, instance:com.reports.testcases.TestPaymentforInsurance@2a2d45ba]" name="createFavouritesForAllowedReportDurationoption" duration-ms="3924" started-at="2019-06-03T09:19:40Z" data-provider="allowedReportDurationoption" finished-at="2019-06-03T09:19:44Z">
          <params>
            <param index="0">
              <value>
                <![CDATA[1]]>
              </value>
            </param>
            <param index="1">
              <value>
                <![CDATA[Please Select 1 Month Duration and save the report.]]>
              </value>
            </param>
          </params>
          <reporter-output>
          </reporter-output>
        </test-method> <!-- createFavouritesForAllowedReportDurationoption -->
        <test-method status="PASS" signature="createFavouritesForAllowedReportDurationoption(java.lang.String, java.lang.String)[pri:30, instance:com.reports.testcases.TestPaymentforInsurance@2a2d45ba]" name="createFavouritesForAllowedReportDurationoption" duration-ms="3835" started-at="2019-06-03T09:19:44Z" data-provider="allowedReportDurationoption" finished-at="2019-06-03T09:19:48Z">
          <params>
            <param index="0">
              <value>
                <![CDATA[2]]>
              </value>
            </param>
            <param index="1">
              <value>
                <![CDATA[Please Select 2 Months Duration and save the report.]]>
              </value>
            </param>
          </params>
          <reporter-output>
          </reporter-output>
        </test-method> <!-- createFavouritesForAllowedReportDurationoption -->
        <test-method status="PASS" signature="createFavouritesForAllowedReportDurationoption(java.lang.String, java.lang.String)[pri:30, instance:com.reports.testcases.TestPaymentforInsurance@2a2d45ba]" name="createFavouritesForAllowedReportDurationoption" duration-ms="3855" started-at="2019-06-03T09:19:48Z" data-provider="allowedReportDurationoption" finished-at="2019-06-03T09:19:52Z">
          <params>
            <param index="0">
              <value>
                <![CDATA[3]]>
              </value>
            </param>
            <param index="1">
              <value>
                <![CDATA[Please Select 3 Months Duration and save the report.]]>
              </value>
            </param>
          </params>
          <reporter-output>
          </reporter-output>
        </test-method> <!-- createFavouritesForAllowedReportDurationoption -->
        <test-method status="PASS" signature="createFavouritesForAllowedReportDurationoption(java.lang.String, java.lang.String)[pri:30, instance:com.reports.testcases.TestPaymentforInsurance@2a2d45ba]" name="createFavouritesForAllowedReportDurationoption" duration-ms="3358" started-at="2019-06-03T09:19:52Z" data-provider="allowedReportDurationoption" finished-at="2019-06-03T09:19:55Z">
          <params>
            <param index="0">
              <value>
                <![CDATA[-- Select --]]>
              </value>
            </param>
            <param index="1">
              <value>
                <![CDATA[Please Select 3 Months Duration and save the report.]]>
              </value>
            </param>
          </params>
          <reporter-output>
          </reporter-output>
        </test-method> <!-- createFavouritesForAllowedReportDurationoption -->
        <test-method status="PASS" signature="checkFavouriteReportsForDefaultDate_option1()[pri:31, instance:com.reports.testcases.TestPaymentforInsurance@2a2d45ba]" name="checkFavouriteReportsForDefaultDate_option1" duration-ms="22969" started-at="2019-06-03T09:19:55Z" finished-at="2019-06-03T09:20:18Z">
          <reporter-output>
          </reporter-output>
        </test-method> <!-- checkFavouriteReportsForDefaultDate_option1 -->
        <test-method status="PASS" signature="checkFavouriteReportsForDefaultDate_option2()[pri:32, instance:com.reports.testcases.TestPaymentforInsurance@2a2d45ba]" name="checkFavouriteReportsForDefaultDate_option2" duration-ms="16527" started-at="2019-06-03T09:20:18Z" finished-at="2019-06-03T09:20:34Z">
          <reporter-output>
          </reporter-output>
        </test-method> <!-- checkFavouriteReportsForDefaultDate_option2 -->
        <test-method status="PASS" signature="checkFavouriteReportsForDefaultDate_option3()[pri:33, instance:com.reports.testcases.TestPaymentforInsurance@2a2d45ba]" name="checkFavouriteReportsForDefaultDate_option3" duration-ms="13860" started-at="2019-06-03T09:20:34Z" finished-at="2019-06-03T09:20:48Z">
          <reporter-output>
          </reporter-output>
        </test-method> <!-- checkFavouriteReportsForDefaultDate_option3 -->
        <test-method status="PASS" signature="checkFavouriteReportsForDefaultDate_optionSelect()[pri:34, instance:com.reports.testcases.TestPaymentforInsurance@2a2d45ba]" name="checkFavouriteReportsForDefaultDate_optionSelect" duration-ms="14110" started-at="2019-06-03T09:20:48Z" finished-at="2019-06-03T09:21:02Z">
          <reporter-output>
          </reporter-output>
        </test-method> <!-- checkFavouriteReportsForDefaultDate_optionSelect -->
        <test-method status="PASS" signature="switchToTheUser()[pri:35, instance:com.reports.testcases.TestPaymentforInsurance@2a2d45ba]" name="switchToTheUser" duration-ms="1139" started-at="2019-06-03T09:21:02Z" finished-at="2019-06-03T09:21:03Z">
          <reporter-output>
          </reporter-output>
        </test-method> <!-- switchToTheUser -->
        <test-method status="PASS" signature="check1MonthFavPDFReport()[pri:36, instance:com.reports.testcases.TestPaymentforInsurance@2a2d45ba]" name="check1MonthFavPDFReport" duration-ms="9624" started-at="2019-06-03T09:21:03Z" finished-at="2019-06-03T09:21:13Z">
          <reporter-output>
          </reporter-output>
        </test-method> <!-- check1MonthFavPDFReport -->
        <test-method status="PASS" signature="check2MonthFavPDFReport()[pri:37, instance:com.reports.testcases.TestPaymentforInsurance@2a2d45ba]" name="check2MonthFavPDFReport" duration-ms="5711" started-at="2019-06-03T09:21:13Z" finished-at="2019-06-03T09:21:19Z">
          <reporter-output>
          </reporter-output>
        </test-method> <!-- check2MonthFavPDFReport -->
        <test-method status="PASS" signature="check3MonthFavPDFReport()[pri:38, instance:com.reports.testcases.TestPaymentforInsurance@2a2d45ba]" name="check3MonthFavPDFReport" duration-ms="5942" started-at="2019-06-03T09:21:19Z" finished-at="2019-06-03T09:21:25Z">
          <reporter-output>
          </reporter-output>
        </test-method> <!-- check3MonthFavPDFReport -->
        <test-method status="PASS" signature="checkForCorporateOffice(java.lang.String, java.lang.String)[pri:39, instance:com.reports.testcases.TestPaymentforInsurance@2a2d45ba]" name="checkForCorporateOffice" duration-ms="10007" started-at="2019-06-03T09:21:25Z" data-provider="dateRangeDropDownOptions" finished-at="2019-06-03T09:21:35Z">
          <params>
            <param index="0">
              <value>
                <![CDATA[Yesterday]]>
              </value>
            </param>
            <param index="1">
              <value>
                <![CDATA[pdf]]>
              </value>
            </param>
          </params>
          <reporter-output>
          </reporter-output>
        </test-method> <!-- checkForCorporateOffice -->
        <test-method status="PASS" signature="checkForCorporateOffice(java.lang.String, java.lang.String)[pri:39, instance:com.reports.testcases.TestPaymentforInsurance@2a2d45ba]" name="checkForCorporateOffice" duration-ms="365" started-at="2019-06-03T09:21:35Z" data-provider="dateRangeDropDownOptions" finished-at="2019-06-03T09:21:35Z">
          <params>
            <param index="0">
              <value>
                <![CDATA[Custom Date]]>
              </value>
            </param>
            <param index="1">
              <value>
                <![CDATA[pdf]]>
              </value>
            </param>
          </params>
          <reporter-output>
          </reporter-output>
        </test-method> <!-- checkForCorporateOffice -->
        <test-method status="PASS" signature="checkForCorporateOffice(java.lang.String, java.lang.String)[pri:39, instance:com.reports.testcases.TestPaymentforInsurance@2a2d45ba]" name="checkForCorporateOffice" duration-ms="350" started-at="2019-06-03T09:21:35Z" data-provider="dateRangeDropDownOptions" finished-at="2019-06-03T09:21:35Z">
          <params>
            <param index="0">
              <value>
                <![CDATA[Today]]>
              </value>
            </param>
            <param index="1">
              <value>
                <![CDATA[pdf]]>
              </value>
            </param>
          </params>
          <reporter-output>
          </reporter-output>
        </test-method> <!-- checkForCorporateOffice -->
        <test-method status="PASS" signature="checkForCorporateOffice(java.lang.String, java.lang.String)[pri:39, instance:com.reports.testcases.TestPaymentforInsurance@2a2d45ba]" name="checkForCorporateOffice" duration-ms="354" started-at="2019-06-03T09:21:35Z" data-provider="dateRangeDropDownOptions" finished-at="2019-06-03T09:21:36Z">
          <params>
            <param index="0">
              <value>
                <![CDATA[This Month]]>
              </value>
            </param>
            <param index="1">
              <value>
                <![CDATA[pdf]]>
              </value>
            </param>
          </params>
          <reporter-output>
          </reporter-output>
        </test-method> <!-- checkForCorporateOffice -->
        <test-method status="PASS" signature="checkForCorporateOffice(java.lang.String, java.lang.String)[pri:39, instance:com.reports.testcases.TestPaymentforInsurance@2a2d45ba]" name="checkForCorporateOffice" duration-ms="352" started-at="2019-06-03T09:21:36Z" data-provider="dateRangeDropDownOptions" finished-at="2019-06-03T09:21:36Z">
          <params>
            <param index="0">
              <value>
                <![CDATA[Previous Month]]>
              </value>
            </param>
            <param index="1">
              <value>
                <![CDATA[pdf]]>
              </value>
            </param>
          </params>
          <reporter-output>
          </reporter-output>
        </test-method> <!-- checkForCorporateOffice -->
        <test-method status="PASS" signature="checkForCorporateOffice(java.lang.String, java.lang.String)[pri:39, instance:com.reports.testcases.TestPaymentforInsurance@2a2d45ba]" name="checkForCorporateOffice" duration-ms="350" started-at="2019-06-03T09:21:36Z" data-provider="dateRangeDropDownOptions" finished-at="2019-06-03T09:21:37Z">
          <params>
            <param index="0">
              <value>
                <![CDATA[Today]]>
              </value>
            </param>
            <param index="1">
              <value>
                <![CDATA[csv]]>
              </value>
            </param>
          </params>
          <reporter-output>
          </reporter-output>
        </test-method> <!-- checkForCorporateOffice -->
        <test-method status="PASS" signature="checkForCorporateOffice(java.lang.String, java.lang.String)[pri:39, instance:com.reports.testcases.TestPaymentforInsurance@2a2d45ba]" name="checkForCorporateOffice" duration-ms="352" started-at="2019-06-03T09:21:37Z" data-provider="dateRangeDropDownOptions" finished-at="2019-06-03T09:21:37Z">
          <params>
            <param index="0">
              <value>
                <![CDATA[Previous Month]]>
              </value>
            </param>
            <param index="1">
              <value>
                <![CDATA[text]]>
              </value>
            </param>
          </params>
          <reporter-output>
          </reporter-output>
        </test-method> <!-- checkForCorporateOffice -->
        <test-method status="PASS" signature="checkForCorporateOffice(java.lang.String, java.lang.String)[pri:39, instance:com.reports.testcases.TestPaymentforInsurance@2a2d45ba]" name="checkForCorporateOffice" duration-ms="350" started-at="2019-06-03T09:21:37Z" data-provider="dateRangeDropDownOptions" finished-at="2019-06-03T09:21:37Z">
          <params>
            <param index="0">
              <value>
                <![CDATA[This Month]]>
              </value>
            </param>
            <param index="1">
              <value>
                <![CDATA[csv]]>
              </value>
            </param>
          </params>
          <reporter-output>
          </reporter-output>
        </test-method> <!-- checkForCorporateOffice -->
        <test-method status="PASS" signature="checkForCorporateOffice_fav1()[pri:40, instance:com.reports.testcases.TestPaymentforInsurance@2a2d45ba]" name="checkForCorporateOffice_fav1" duration-ms="17578" started-at="2019-06-03T09:21:37Z" finished-at="2019-06-03T09:21:55Z">
          <reporter-output>
          </reporter-output>
        </test-method> <!-- checkForCorporateOffice_fav1 -->
        <test-method status="PASS" signature="chekForCorporateOffice_fav2()[pri:41, instance:com.reports.testcases.TestPaymentforInsurance@2a2d45ba]" name="chekForCorporateOffice_fav2" duration-ms="5861" started-at="2019-06-03T09:21:55Z" finished-at="2019-06-03T09:22:01Z">
          <reporter-output>
          </reporter-output>
        </test-method> <!-- chekForCorporateOffice_fav2 -->
        <test-method status="PASS" signature="chekForCorporateOffice_fav3()[pri:42, instance:com.reports.testcases.TestPaymentforInsurance@2a2d45ba]" name="chekForCorporateOffice_fav3" duration-ms="5836" started-at="2019-06-03T09:22:01Z" finished-at="2019-06-03T09:22:07Z">
          <reporter-output>
          </reporter-output>
        </test-method> <!-- chekForCorporateOffice_fav3 -->
        <test-method status="PASS" signature="closeBrowswe()[pri:100, instance:com.reports.testcases.TestPaymentforInsurance@2a2d45ba]" name="closeBrowswe" duration-ms="858" started-at="2019-06-03T09:22:07Z" finished-at="2019-06-03T09:22:07Z">
          <reporter-output>
          </reporter-output>
        </test-method> <!-- closeBrowswe -->
      </class> <!-- com.reports.testcases.TestPaymentforInsurance -->
    </test> <!-- Doctor Consultation Report Builder -->
  </suite> <!-- Suite -->
</testng-results>
