<?xml version="1.0" encoding="UTF-8"?>
<!-- Generated by org.testng.reporters.JUnitXMLReporter -->
<testsuite hostname="vaibhav-Latitude-3550" ignored="0" name="Doctor Consultation Report Builder" tests="63" failures="1" timestamp="03 Jun 2019 09:22:07 GMT" time="228.853" errors="0">
  <testcase name="test3MonthPdf" time="0.278" classname="com.reports.testcases.TestPaymentforInsurance"/>
  <testcase name="test3MonthCsv" time="0.235" classname="com.reports.testcases.TestPaymentforInsurance"/>
  <testcase name="test3MonthText" time="0.198" classname="com.reports.testcases.TestPaymentforInsurance"/>
  <testcase name="testDateFieldsBlank_pdf" time="0.164" classname="com.reports.testcases.TestPaymentforInsurance"/>
  <testcase name="testDateFieldsBlank_csv" time="0.16" classname="com.reports.testcases.TestPaymentforInsurance"/>
  <testcase name="testDateFieldsBlank_text" time="0.28" classname="com.reports.testcases.TestPaymentforInsurance"/>
  <testcase name="testFromDateFieldBlank_pdf" time="0.204" classname="com.reports.testcases.TestPaymentforInsurance"/>
  <testcase name="testToDateFieldBlank_pdf" time="0.161" classname="com.reports.testcases.TestPaymentforInsurance"/>
  <testcase name="testFromDateFieldBlank_cvs" time="0.164" classname="com.reports.testcases.TestPaymentforInsurance"/>
  <testcase name="testToDateFieldBlank_cvs" time="0.161" classname="com.reports.testcases.TestPaymentforInsurance"/>
  <testcase name="testFromDateFieldBlank_text" time="0.199" classname="com.reports.testcases.TestPaymentforInsurance"/>
  <testcase name="testToDateFieldBlank_text" time="0.214" classname="com.reports.testcases.TestPaymentforInsurance"/>
  <testcase name="testDateFieldsBlank_favSaveButton" time="0.213" classname="com.reports.testcases.TestPaymentforInsurance"/>
  <testcase name="testFromDateFieldBlank_favSaveButton" time="0.228" classname="com.reports.testcases.TestPaymentforInsurance"/>
  <testcase name="testToDateFieldBlank_favSaveButton" time="0.249" classname="com.reports.testcases.TestPaymentforInsurance"/>
  <testcase name="checkForThisFinancialYear" time="0.161" classname="com.reports.testcases.TestPaymentforInsurance"/>
  <testcase name="checkForPreviousFinancialYear" time="0.139" classname="com.reports.testcases.TestPaymentforInsurance"/>
  <testcase name="verifyDateFieldsForYesterdayOptions" time="0.635" classname="com.reports.testcases.TestPaymentforInsurance"/>
  <testcase name="verifyDateFieldsForTodayOptions" time="0.343" classname="com.reports.testcases.TestPaymentforInsurance"/>
  <testcase name="verifyDateFieldsForPreviousMonthOptions" time="0.322" classname="com.reports.testcases.TestPaymentforInsurance">
    <failure type="java.lang.AssertionError" message="expected [true] but found [false]">
      <![CDATA[java.lang.AssertionError: expected [true] but found [false]
at com.reports.testcases.TestPaymentforInsurance.verifyDateFieldsForPreviousMonthOptions(TestPaymentforInsurance.java:204)
... Removed 31 stack frames]]>
    </failure>
  </testcase> <!-- verifyDateFieldsForPreviousMonthOptions -->
  <testcase name="verifyDateFieldsForThisMonthOptions" time="0.323" classname="com.reports.testcases.TestPaymentforInsurance"/>
  <testcase name="verifyDateFieldsForFromPastToFuture_pdf" time="0.17" classname="com.reports.testcases.TestPaymentforInsurance"/>
  <testcase name="verifyDateFieldsForFromPastToFuture_csv" time="0.182" classname="com.reports.testcases.TestPaymentforInsurance"/>
  <testcase name="verifyDateFieldsForFromPastToFuture_text" time="0.184" classname="com.reports.testcases.TestPaymentforInsurance"/>
  <testcase name="verifyDateFieldsForFromPastToFuture_toSaveFav" time="0.23" classname="com.reports.testcases.TestPaymentforInsurance"/>
  <testcase name="vreifyForYesterdaysDateOnReFreshing" time="14.322" classname="com.reports.testcases.TestPaymentforInsurance"/>
  <testcase name="checkAutoCustomDateOption" time="0.712" classname="com.reports.testcases.TestPaymentforInsurance"/>
  <testcase name="verifyAllowedReportDurationDropdown" time="0.521" classname="com.reports.testcases.TestPaymentforInsurance"/>
  <testcase name="verifyAllowedReportDurationDropdown" time="0.55" classname="com.reports.testcases.TestPaymentforInsurance"/>
  <testcase name="verifyAllowedReportDurationDropdown" time="0.546" classname="com.reports.testcases.TestPaymentforInsurance"/>
  <testcase name="verifyAllowedReportDurationDropdown" time="0.666" classname="com.reports.testcases.TestPaymentforInsurance"/>
  <testcase name="pdfTest" time="11.49" classname="com.reports.testcases.TestPaymentforInsurance"/>
  <testcase name="pdfTest" time="3.405" classname="com.reports.testcases.TestPaymentforInsurance"/>
  <testcase name="pdfTest" time="3.18" classname="com.reports.testcases.TestPaymentforInsurance"/>
  <testcase name="pdfTest" time="3.143" classname="com.reports.testcases.TestPaymentforInsurance"/>
  <testcase name="pdfTest" time="9.73" classname="com.reports.testcases.TestPaymentforInsurance"/>
  <testcase name="pdfTest" time="3.585" classname="com.reports.testcases.TestPaymentforInsurance"/>
  <testcase name="pdfTest" time="6.082" classname="com.reports.testcases.TestPaymentforInsurance"/>
  <testcase name="pdfTest" time="3.255" classname="com.reports.testcases.TestPaymentforInsurance"/>
  <testcase name="createFavouritesForAllowedReportDurationoption" time="3.924" classname="com.reports.testcases.TestPaymentforInsurance"/>
  <testcase name="createFavouritesForAllowedReportDurationoption" time="3.835" classname="com.reports.testcases.TestPaymentforInsurance"/>
  <testcase name="createFavouritesForAllowedReportDurationoption" time="3.855" classname="com.reports.testcases.TestPaymentforInsurance"/>
  <testcase name="createFavouritesForAllowedReportDurationoption" time="3.358" classname="com.reports.testcases.TestPaymentforInsurance"/>
  <testcase name="checkFavouriteReportsForDefaultDate_option1" time="22.969" classname="com.reports.testcases.TestPaymentforInsurance"/>
  <testcase name="checkFavouriteReportsForDefaultDate_option2" time="16.527" classname="com.reports.testcases.TestPaymentforInsurance"/>
  <testcase name="checkFavouriteReportsForDefaultDate_option3" time="13.86" classname="com.reports.testcases.TestPaymentforInsurance"/>
  <testcase name="checkFavouriteReportsForDefaultDate_optionSelect" time="14.11" classname="com.reports.testcases.TestPaymentforInsurance"/>
  <testcase name="switchToTheUser" time="1.139" classname="com.reports.testcases.TestPaymentforInsurance"/>
  <testcase name="check1MonthFavPDFReport" time="9.624" classname="com.reports.testcases.TestPaymentforInsurance"/>
  <testcase name="check2MonthFavPDFReport" time="5.711" classname="com.reports.testcases.TestPaymentforInsurance"/>
  <testcase name="check3MonthFavPDFReport" time="5.942" classname="com.reports.testcases.TestPaymentforInsurance"/>
  <testcase name="checkForCorporateOffice" time="10.007" classname="com.reports.testcases.TestPaymentforInsurance"/>
  <testcase name="checkForCorporateOffice" time="0.365" classname="com.reports.testcases.TestPaymentforInsurance"/>
  <testcase name="checkForCorporateOffice" time="0.35" classname="com.reports.testcases.TestPaymentforInsurance"/>
  <testcase name="checkForCorporateOffice" time="0.354" classname="com.reports.testcases.TestPaymentforInsurance"/>
  <testcase name="checkForCorporateOffice" time="0.352" classname="com.reports.testcases.TestPaymentforInsurance"/>
  <testcase name="checkForCorporateOffice" time="0.35" classname="com.reports.testcases.TestPaymentforInsurance"/>
  <testcase name="checkForCorporateOffice" time="0.352" classname="com.reports.testcases.TestPaymentforInsurance"/>
  <testcase name="checkForCorporateOffice" time="0.35" classname="com.reports.testcases.TestPaymentforInsurance"/>
  <testcase name="checkForCorporateOffice_fav1" time="17.578" classname="com.reports.testcases.TestPaymentforInsurance"/>
  <testcase name="chekForCorporateOffice_fav2" time="5.861" classname="com.reports.testcases.TestPaymentforInsurance"/>
  <testcase name="chekForCorporateOffice_fav3" time="5.836" classname="com.reports.testcases.TestPaymentforInsurance"/>
  <testcase name="closeBrowswe" time="0.858" classname="com.reports.testcases.TestPaymentforInsurance"/>
</testsuite> <!-- Doctor Consultation Report Builder -->
